2021-11-20 03:49:03.865  INFO 87608 --- [main] com.company.Application                  : Starting Application on murugesan-pc with PID 87608 (/home/murugesan/learning/company-stock-listing/company/application/target/classes started by murugesan in /home/murugesan/learning/company-stock-listing/company/application)
2021-11-20 03:49:03.876  INFO 87608 --- [main] com.company.Application                  : No active profile set, falling back to default profiles: default
2021-11-20 03:49:05.353  INFO 87608 --- [main] .s.d.r.c.RepositoryConfigurationDelegate : Bootstrapping Spring Data repositories in DEFAULT mode.
2021-11-20 03:49:05.413  INFO 87608 --- [main] .s.d.r.c.RepositoryConfigurationDelegate : Finished Spring Data repository scanning in 45ms. Found 0 repository interfaces.
2021-11-20 03:49:06.241  WARN 87608 --- [main] ConfigServletWebServerApplicationContext : Exception encountered during context initialization - cancelling refresh attempt: org.springframework.beans.factory.BeanCreationException: Error creating bean with name 'projectingArgumentResolverBeanPostProcessor' defined in class path resource [org/springframework/data/web/config/ProjectingArgumentResolverRegistrar.class]: BeanPostProcessor before instantiation of bean failed; nested exception is org.springframework.beans.factory.BeanCreationException: Error creating bean with name 'org.springframework.transaction.annotation.ProxyTransactionManagementConfiguration': BeanPostProcessor before instantiation of bean failed; nested exception is java.lang.NoSuchMethodError: org.springframework.beans.factory.ListableBeanFactory.getType(Ljava/lang/String;Z)Ljava/lang/Class;
2021-11-20 03:49:06.267  INFO 87608 --- [main] ConditionEvaluationReportLoggingListener : 

Error starting ApplicationContext. To display the conditions report re-run your application with 'debug' enabled.
2021-11-20 03:49:06.273 ERROR 87608 --- [main] o.s.b.d.LoggingFailureAnalysisReporter   : 

***************************
APPLICATION FAILED TO START
***************************

Description:

An attempt was made to call a method that does not exist. The attempt was made from the following location:

    org.springframework.aop.aspectj.annotation.BeanFactoryAspectJAdvisorsBuilder.buildAspectJAdvisors(BeanFactoryAspectJAdvisorsBuilder.java:100)

The following method did not exist:

    org.springframework.beans.factory.ListableBeanFactory.getType(Ljava/lang/String;Z)Ljava/lang/Class;

The method's class, org.springframework.beans.factory.ListableBeanFactory, is available from the following locations:

    jar:file:/home/murugesan/.m2/repository/org/springframework/spring-beans/5.1.9.RELEASE/spring-beans-5.1.9.RELEASE.jar!/org/springframework/beans/factory/ListableBeanFactory.class

It was loaded from the following location:

    file:/home/murugesan/.m2/repository/org/springframework/spring-beans/5.1.9.RELEASE/spring-beans-5.1.9.RELEASE.jar


Action:

Correct the classpath of your application so that it contains a single, compatible version of org.springframework.beans.factory.ListableBeanFactory

